-------------------------------------------------------------------------------
Test set: com.adjuster.honeybadger.uitest.test.cases.DisableEnableConnectionTest
-------------------------------------------------------------------------------
Tests run: 22, Failures: 1, Errors: 0, Skipped: 0, Time elapsed: 108.435 s <<< FAILURE! - in com.adjuster.honeybadger.uitest.test.cases.DisableEnableConnectionTest
whenToggleIsSetToShowDisabled_thenDisabledConnectionIsShown  Time elapsed: 4.042 s  <<< FAILURE!
org.opentest4j.AssertionFailedError: 

Expecting:
 <false>
to be equal to:
 <true>
but was not.
	at com.adjuster.honeybadger.uitest.test.cases.DisableEnableConnectionTest$Step1ConnectionDetailsWindow.whenToggleIsSetToShowDisabled_thenDisabledConnectionIsShown(DisableEnableConnectionTest.java:65)

