<?xml version="1.0" encoding="UTF-8"?>
<testsuite xmlns:xsi="http://www.w3.org/2001/XMLSchema-instance" xsi:noNamespaceSchemaLocation="https://maven.apache.org/surefire/maven-surefire-plugin/xsd/surefire-test-report.xsd" name="com.adjuster.honeybadger.uitest.test.cases.AddNewConnectionOrderedTest" time="112.886" tests="2" errors="0" skipped="0" failures="0">
  <properties>
[...]
</properties>
  <testcase name="proceedToDeclineNewDatasetCreation" classname="com.adjuster.honeybadger.uitest.test.cases.AddNewConnectionOrderedTest" time="0.675"/>
  <testcase name="whenClickingNotNow_thenCreateNewDatasetDialogDisappears" classname="com.adjuster.honeybadger.uitest.test.cases.AddNewConnectionOrderedTest" time="0.847"/>
</testsuite>